<?xml version="1.0" encoding="UTF-8"?>
<testsuites name="Mocha Tests" time="157.569" tests="193" failures="0" skipped="44">
  <testsuite name="Root Suite" timestamp="2024-08-28T06:49:37" tests="0" time="0.000" failures="0">
  </testsuite>
  <testsuite name="@atlaspack/register" timestamp="2024-08-28T06:49:37" tests="5" file="/Users/molejniczak/atlassian/atlaspack/packages/core/integration-tests/test/atlaspack-register.js" time="0.000" failures="0">
  </testsuite>
  <testsuite name="AtlaspackV3" timestamp="2024-08-28T06:49:37" tests="1" file="/Users/molejniczak/atlassian/atlaspack/packages/core/integration-tests/test/BundleGraph.js" time="0.549" failures="0">
    <testcase name="AtlaspackV3 builds" time="0.547" classname="builds">
    </testcase>
  </testsuite>
  <testsuite name="javascript" timestamp="2024-08-28T06:49:37" tests="145" file="/Users/molejniczak/atlassian/atlaspack/packages/core/integration-tests/test/BundleGraph.js" time="0.000" failures="0">
    <testcase name="javascript should produce a basic JS bundle with CommonJS requires" time="1.146" classname="should produce a basic JS bundle with CommonJS requires">
    </testcase>
    <testcase name="javascript should produce a basic JS bundle with ES6 imports" time="1.047" classname="should produce a basic JS bundle with ES6 imports">
    </testcase>
    <testcase name="javascript should detect dependencies inserted by a prior transform" time="0.952" classname="should detect dependencies inserted by a prior transform">
    </testcase>
    <testcase name="javascript should ignore unused requires after process.env inlining" time="0.965" classname="should ignore unused requires after process.env inlining">
    </testcase>
    <testcase name="javascript should produce a basic JS bundle with object rest spread support" time="0.994" classname="should produce a basic JS bundle with object rest spread support">
    </testcase>
    <testcase name="javascript should bundle node_modules for a browser environment" time="0.983" classname="should bundle node_modules for a browser environment">
    </testcase>
    <testcase name="javascript should not bundle node_modules for a node environment" time="0.991" classname="should not bundle node_modules for a node environment">
    </testcase>
    <testcase name="javascript should preserve hashbangs in bundles and preserve executable file mode" time="1.100" classname="should preserve hashbangs in bundles and preserve executable file mode">
    </testcase>
    <testcase name="javascript should not preserve hashbangs in browser bundles" time="0.988" classname="should not preserve hashbangs in browser bundles">
    </testcase>
    <testcase name="javascript should preserve hashbangs in scopehoisted bundles" time="0.943" classname="should preserve hashbangs in scopehoisted bundles">
    </testcase>
    <testcase name="javascript should bundle node_modules for a node environment if includeNodeModules is specified" time="0.909" classname="should bundle node_modules for a node environment if includeNodeModules is specified">
    </testcase>
    <testcase name="javascript should bundle builtins for a browser environment" time="0.940" classname="should bundle builtins for a browser environment">
    </testcase>
    <testcase name="javascript should not bundle builtins for a node environment if includeNodeModules is specified" time="1.181" classname="should not bundle builtins for a node environment if includeNodeModules is specified">
    </testcase>
    <testcase name="javascript should produce a JS bundle with default exports and no imports" time="1.150" classname="should produce a JS bundle with default exports and no imports">
    </testcase>
    <testcase name="javascript should split bundles when a dynamic import is used a browser environment" time="2.051" classname="should split bundles when a dynamic import is used a browser environment">
    </testcase>
    <testcase name="javascript should split bundles when a dynamic import is used with a node environment" time="0.965" classname="should split bundles when a dynamic import is used with a node environment">
    </testcase>
    <testcase name="javascript should split bundles when a dynamic import is used with an electron-main environment" time="1.109" classname="should split bundles when a dynamic import is used with an electron-main environment">
    </testcase>
    <testcase name="javascript should split bundles when a dynamic import is used with an electron-renderer environment" time="1.009" classname="should split bundles when a dynamic import is used with an electron-renderer environment">
    </testcase>
    <testcase name="javascript dynamic imports loaded as high-priority scripts when not all engines support esmodules natively" time="1.008" classname="dynamic imports loaded as high-priority scripts when not all engines support esmodules natively">
    </testcase>
    <testcase name="javascript should deduplicate and remove an unnecessary async bundle when it contains a cyclic reference to its entry" time="1.647" classname="should deduplicate and remove an unnecessary async bundle when it contains a cyclic reference to its entry">
    </testcase>
    <testcase name="javascript does not create bundles for dynamic imports when assets are available up the graph" time="1.139" classname="does not create bundles for dynamic imports when assets are available up the graph">
    </testcase>
    <testcase name="javascript should return all exports as an object when using ES modules" time="1.213" classname="should return all exports as an object when using ES modules">
    </testcase>
    <testcase name="javascript should duplicate small modules across multiple bundles" time="1.083" classname="should duplicate small modules across multiple bundles">
    </testcase>
    <testcase name="javascript should create a separate bundle for large modules shared between bundles" time="1.812" classname="should create a separate bundle for large modules shared between bundles">
    </testcase>
    <testcase name="javascript should not duplicate a module which is already in a parent bundle" time="1.051" classname="should not duplicate a module which is already in a parent bundle">
    </testcase>
    <testcase name="javascript should duplicate an asset if it is not present in every parent bundle" time="0.998" classname="should duplicate an asset if it is not present in every parent bundle">
    </testcase>
    <testcase name="javascript should duplicate an asset if it is not available in all possible ancestries" time="1.049" classname="should duplicate an asset if it is not available in all possible ancestries">
    </testcase>
    <testcase name="javascript should support shared modules with async imports" time="1.040" classname="should support shared modules with async imports">
    </testcase>
    <testcase name="javascript should ignore new URL and import.meta.url with local binding" time="1.157" classname="should ignore new URL and import.meta.url with local binding">
    </testcase>
    <testcase name="javascript should minify JS in production mode" time="1.040" classname="should minify JS in production mode">
    </testcase>
    <testcase name="javascript should use terser config" time="1.266" classname="should use terser config">
    </testcase>
    <testcase name="javascript should insert global variables when needed" time="1.056" classname="should insert global variables when needed">
    </testcase>
    <testcase name="javascript should replace __dirname and __filename with path relative to asset.filePath" time="1.085" classname="should replace __dirname and __filename with path relative to asset.filePath">
    </testcase>
    <testcase name="javascript should replace __dirname and __filename with path relative to asset.filePath with scope hoisting" time="0.932" classname="should replace __dirname and __filename with path relative to asset.filePath with scope hoisting">
    </testcase>
    <testcase name="javascript should work when multiple files use globals with scope hoisting" time="1.015" classname="should work when multiple files use globals with scope hoisting">
    </testcase>
    <testcase name="javascript should not insert global variables when used in a module specifier" time="0.933" classname="should not insert global variables when used in a module specifier">
    </testcase>
    <testcase name="javascript should not insert global variables in dead branches" time="0.920" classname="should not insert global variables in dead branches">
    </testcase>
    <testcase name="javascript should handle re-declaration of the global constant" time="0.938" classname="should handle re-declaration of the global constant">
    </testcase>
    <testcase name="javascript should not insert environment variables in node environment" time="1.332" classname="should not insert environment variables in node environment">
    </testcase>
    <testcase name="javascript should not replace process.env.hasOwnProperty with undefined" time="0.959" classname="should not replace process.env.hasOwnProperty with undefined">
    </testcase>
    <testcase name="javascript should insert the user&apos;s NODE_ENV as process.env.NODE_ENV if passed" time="0.994" classname="should insert the user&apos;s NODE_ENV as process.env.NODE_ENV if passed">
    </testcase>
    <testcase name="javascript should not inline computed accesses to process.env" time="0.978" classname="should not inline computed accesses to process.env">
    </testcase>
    <testcase name="javascript should inline computed accesses with string literals to process.env" time="1.125" classname="should inline computed accesses with string literals to process.env">
    </testcase>
    <testcase name="javascript should replace process.browser for target browser" time="0.957" classname="should replace process.browser for target browser">
    </testcase>
    <testcase name="javascript should resolve the browser field before main" time="0.918" classname="should resolve the browser field before main">
    </testcase>
    <testcase name="javascript should resolve the main field" time="0.964" classname="should resolve the main field">
    </testcase>
    <testcase name="javascript should ignore require if it is defined in the scope" time="0.937" classname="should ignore require if it is defined in the scope">
    </testcase>
    <testcase name="javascript should expose to CommonJS entry point" time="1.081" classname="should expose to CommonJS entry point">
    </testcase>
    <testcase name="javascript should expose to RequireJS entry point" time="0.929" classname="should expose to RequireJS entry point">
    </testcase>
    <testcase name="javascript should package successfully with comments on last line" time="0.927" classname="should package successfully with comments on last line">
    </testcase>
    <testcase name="javascript should package successfully with comments on last line and minification" time="0.988" classname="should package successfully with comments on last line and minification">
    </testcase>
    <testcase name="javascript should package successfully with comments on last line and scope hoisting" time="1.076" classname="should package successfully with comments on last line and scope hoisting">
    </testcase>
    <testcase name="javascript should package successfully with comments on last line, scope hoisting and minification" time="0.989" classname="should package successfully with comments on last line, scope hoisting and minification">
    </testcase>
    <testcase name="javascript should not replace toplevel this with undefined in CommonJS without scope-hoisting" time="0.994" classname="should not replace toplevel this with undefined in CommonJS without scope-hoisting">
    </testcase>
    <testcase name="javascript should not replace toplevel this with undefined in CommonJS when scope-hoisting" time="0.967" classname="should not replace toplevel this with undefined in CommonJS when scope-hoisting">
    </testcase>
    <testcase name="javascript should replace toplevel this with undefined in ESM without scope-hoisting" time="0.947" classname="should replace toplevel this with undefined in ESM without scope-hoisting">
    </testcase>
    <testcase name="javascript should replace toplevel this with undefined in ESM when scope-hoisting" time="0.981" classname="should replace toplevel this with undefined in ESM when scope-hoisting">
    </testcase>
    <testcase name="javascript should support async importing the same module from different bundles" time="1.037" classname="should support async importing the same module from different bundles">
    </testcase>
    <testcase name="javascript should not create shared bundles from contents of entries" time="1.205" classname="should not create shared bundles from contents of entries">
    </testcase>
    <testcase name="javascript should import the same dependency multiple times in the same bundle" time="1.030" classname="should import the same dependency multiple times in the same bundle">
    </testcase>
    <testcase name="javascript should detect typescript style async requires in commonjs" time="0.988" classname="should detect typescript style async requires in commonjs">
    </testcase>
    <testcase name="javascript should detect typescript style async requires in commonjs with esModuleInterop flag" time="1.078" classname="should detect typescript style async requires in commonjs with esModuleInterop flag">
    </testcase>
    <testcase name="javascript should detect typescript style async requires in commonjs with esModuleInterop flag and arrow functions" time="0.979" classname="should detect typescript style async requires in commonjs with esModuleInterop flag and arrow functions">
    </testcase>
    <testcase name="javascript should detect rollup style async requires in commonjs" time="0.973" classname="should detect rollup style async requires in commonjs">
    </testcase>
    <testcase name="javascript should only detect requires that are returned from the promise" time="0.916" classname="should only detect requires that are returned from the promise">
    </testcase>
    <testcase name="javascript should properly chain a dynamic import wrapped in a Promise.resolve()" time="1.007" classname="should properly chain a dynamic import wrapped in a Promise.resolve()">
    </testcase>
    <testcase name="javascript should detect parcel style async requires in commonjs" time="1.017" classname="should detect parcel style async requires in commonjs">
    </testcase>
    <testcase name="javascript can static import and dynamic import in the same bundle without creating a new bundle" time="1.000" classname="can static import and dynamic import in the same bundle without creating a new bundle">
    </testcase>
    <testcase name="javascript async dependency can be resolved internally and externally from two different bundles" time="1.203" classname="async dependency can be resolved internally and externally from two different bundles">
    </testcase>
    <testcase name="javascript can static import and dynamic import in the same bundle ancestry without creating a new bundle" time="1.173" classname="can static import and dynamic import in the same bundle ancestry without creating a new bundle">
    </testcase>
    <testcase name="javascript can static import and dynamic import in the same bundle when another bundle requires async" time="1.159" classname="can static import and dynamic import in the same bundle when another bundle requires async">
    </testcase>
    <testcase name="javascript can share dependencies between a shared bundle and its sibling&apos;s descendants" time="1.276" classname="can share dependencies between a shared bundle and its sibling&apos;s descendants">
    </testcase>
    <testcase name="javascript can run an entry bundle whose entry asset is present in another bundle" time="1.020" classname="can run an entry bundle whose entry asset is present in another bundle">
    </testcase>
    <testcase name="javascript can run an async bundle whose entry asset is present in another bundle" time="1.076" classname="can run an async bundle whose entry asset is present in another bundle">
    </testcase>
    <testcase name="javascript can create a bundle starting with a dot" time="1.116" classname="can create a bundle starting with a dot">
    </testcase>
    <testcase name="javascript should not automatically name bundle files starting with a dot" time="1.191" classname="should not automatically name bundle files starting with a dot">
    </testcase>
    <testcase name="javascript should support duplicate re-exports without scope hoisting" time="0.976" classname="should support duplicate re-exports without scope hoisting">
    </testcase>
    <testcase name="javascript should prioritize named exports before re-exports withput scope hoisting (before)" time="0.952" classname="should prioritize named exports before re-exports withput scope hoisting (before)">
    </testcase>
    <testcase name="javascript should prioritize named exports before re-exports without scope hoisting (after)" time="1.008" classname="should prioritize named exports before re-exports without scope hoisting (after)">
    </testcase>
    <testcase name="javascript should exclude default from export all declaration" time="0.980" classname="should exclude default from export all declaration">
    </testcase>
    <testcase name="javascript should support import namespace declarations of other ES modules" time="0.974" classname="should support import namespace declarations of other ES modules">
    </testcase>
    <testcase name="javascript should support import namespace declarations of class from CJS" time="0.983" classname="should support import namespace declarations of class from CJS">
    </testcase>
    <testcase name="javascript should support import namespace declarations of object from CJS" time="0.922" classname="should support import namespace declarations of object from CJS">
    </testcase>
    <testcase name="javascript should support export namespace declarations" time="0.997" classname="should support export namespace declarations">
    </testcase>
    <testcase name="javascript should support export declarations with destructuring" time="1.076" classname="should support export declarations with destructuring">
    </testcase>
    <testcase name="javascript should support export default declarations" time="0.988" classname="should support export default declarations">
    </testcase>
    <testcase name="javascript should hoist function default exports to allow circular imports" time="0.926" classname="should hoist function default exports to allow circular imports">
    </testcase>
    <testcase name="javascript should hoist anonymous function default exports to allow circular imports" time="1.055" classname="should hoist anonymous function default exports to allow circular imports">
    </testcase>
    <testcase name="javascript should work with many different types of exports" time="1.101" classname="should work with many different types of exports">
    </testcase>
    <testcase name="javascript should correctly export functions" time="1.007" classname="should correctly export functions">
    </testcase>
    <testcase name="javascript should handle exports of imports" time="1.065" classname="should handle exports of imports">
    </testcase>
    <testcase name="javascript should handle simultaneous import and reexports of the same identifier" time="1.076" classname="should handle simultaneous import and reexports of the same identifier">
    </testcase>
    <testcase name="javascript should generate a unique variable name for imports" time="0.954" classname="should generate a unique variable name for imports">
    </testcase>
    <testcase name="javascript should not replace identifier with a var declaration inside a for loop" time="1.039" classname="should not replace identifier with a var declaration inside a for loop">
    </testcase>
    <testcase name="javascript should replace an imported identifier with function locals of the same name" time="0.944" classname="should replace an imported identifier with function locals of the same name">
    </testcase>
    <testcase name="javascript should replace imported values in member expressions" time="1.019" classname="should replace imported values in member expressions">
    </testcase>
    <testcase name="javascript should retain the correct dependency order between import and reexports" time="1.008" classname="should retain the correct dependency order between import and reexports">
    </testcase>
    <testcase name="javascript should not freeze live default imports" time="0.961" classname="should not freeze live default imports">
    </testcase>
    <testcase name="javascript should not rewrite this in arrow function class properties" time="1.033" classname="should not rewrite this in arrow function class properties">
    </testcase>
    <testcase name="javascript should call named imports without this context" time="1.073" classname="should call named imports without this context">
    </testcase>
    <testcase name="javascript should only replace free references to require" time="0.971" classname="should only replace free references to require">
    </testcase>
    <testcase name="javascript should only replace free references to require with scope hoisting" time="0.970" classname="should only replace free references to require with scope hoisting">
    </testcase>
    <testcase name="javascript should support import and non-top-level require of same asset from different assets" time="0.968" classname="should support import and non-top-level require of same asset from different assets">
    </testcase>
    <testcase name="javascript should support import and non-top-level require of same asset from different assets with scope hoisting" time="0.930" classname="should support import and non-top-level require of same asset from different assets with scope hoisting">
    </testcase>
    <testcase name="javascript should support runtime module deduplication" time="1.024" classname="should support runtime module deduplication">
    </testcase>
    <testcase name="javascript should avoid creating a bundle for lazy dependencies already available in a shared bundle" time="1.116" classname="should avoid creating a bundle for lazy dependencies already available in a shared bundle">
    </testcase>
    <testcase name="javascript should support standalone import.meta" time="1.180" classname="should support standalone import.meta">
    </testcase>
    <testcase name="javascript supports ESM imports and requires with sideEffects: false" time="1.053" classname="supports ESM imports and requires with sideEffects: false">
    </testcase>
    <testcase name="javascript should not affect ESM import order" time="0.948" classname="should not affect ESM import order">
    </testcase>
    <testcase name="javascript should not affect ESM import order with scope hoisting" time="1.062" classname="should not affect ESM import order with scope hoisting">
    </testcase>
    <testcase name="javascript should not deduplicate an asset if it will become unreachable" time="1.022" classname="should not deduplicate an asset if it will become unreachable">
    </testcase>
    <testcase name="javascript should detect shorthand identifier imports" time="1.145" classname="should detect shorthand identifier imports">
    </testcase>
    <testcase name="javascript should retain unicode escape sequences" time="0.936" classname="should retain unicode escape sequences">
    </testcase>
    <testcase name="javascript ignores missing unused import specifiers in source assets without scope-hoisting" time="0.958" classname="ignores missing unused import specifiers in source assets without scope-hoisting">
    </testcase>
    <testcase name="javascript ignores missing unused import specifiers in node-modules without scope-hoisting" time="0.896" classname="ignores missing unused import specifiers in node-modules without scope-hoisting">
    </testcase>
    <testcase name="javascript duplicate assets should share module scope without scope-hoisting" time="1.171" classname="duplicate assets should share module scope without scope-hoisting">
    </testcase>
    <testcase name="javascript should work correctly with export called hasOwnProperty without scope-hoisting" time="0.980" classname="should work correctly with export called hasOwnProperty without scope-hoisting">
    </testcase>
    <testcase name="javascript ignores missing unused import specifiers in source assets with scope-hoisting" time="0.984" classname="ignores missing unused import specifiers in source assets with scope-hoisting">
    </testcase>
    <testcase name="javascript ignores missing unused import specifiers in node-modules with scope-hoisting" time="0.970" classname="ignores missing unused import specifiers in node-modules with scope-hoisting">
    </testcase>
    <testcase name="javascript duplicate assets should share module scope with scope-hoisting" time="1.112" classname="duplicate assets should share module scope with scope-hoisting">
    </testcase>
    <testcase name="javascript should work correctly with export called hasOwnProperty with scope-hoisting" time="0.951" classname="should work correctly with export called hasOwnProperty with scope-hoisting">
    </testcase>
  </testsuite>
  <testsuite name="multiple import types" timestamp="2024-08-28T06:51:44" tests="3" file="/Users/molejniczak/atlassian/atlaspack/packages/core/integration-tests/test/BundleGraph.js" time="3.663" failures="0">
    <testcase name="javascript multiple import types supports both static and dynamic imports to the same specifier in the same file" time="1.533" classname="supports both static and dynamic imports to the same specifier in the same file">
    </testcase>
    <testcase name="javascript multiple import types supports static, dynamic, and url to the same specifier in the same file" time="1.023" classname="supports static, dynamic, and url to the same specifier in the same file">
    </testcase>
    <testcase name="javascript multiple import types supports dynamic import and url to the same specifier in the same file" time="1.105" classname="supports dynamic import and url to the same specifier in the same file">
    </testcase>
  </testsuite>
  <testsuite name="sideEffects: false without scope-hoisting" timestamp="2024-08-28T06:51:48" tests="12" file="/Users/molejniczak/atlassian/atlaspack/packages/core/integration-tests/test/BundleGraph.js" time="13.563" failures="0">
    <testcase name="javascript sideEffects: false without scope-hoisting supports deferring an unused ES6 re-export (wildcard, empty, unused)" time="1.077" classname="supports deferring an unused ES6 re-export (wildcard, empty, unused)">
    </testcase>
    <testcase name="javascript sideEffects: false without scope-hoisting supports chained ES6 re-exports" time="1.517" classname="supports chained ES6 re-exports">
    </testcase>
    <testcase name="javascript sideEffects: false without scope-hoisting should not optimize away an unused ES6 re-export and an used import (different symbols)" time="1.184" classname="should not optimize away an unused ES6 re-export and an used import (different symbols)">
    </testcase>
    <testcase name="javascript sideEffects: false without scope-hoisting supports wildcards" time="1.004" classname="supports wildcards">
    </testcase>
    <testcase name="javascript sideEffects: false without scope-hoisting correctly handles excluded and wrapped reexport assets" time="1.118" classname="correctly handles excluded and wrapped reexport assets">
    </testcase>
    <testcase name="javascript sideEffects: false without scope-hoisting supports the package.json sideEffects: false flag with shared dependencies and code splitting II" time="1.138" classname="supports the package.json sideEffects: false flag with shared dependencies and code splitting II">
    </testcase>
    <testcase name="javascript sideEffects: false without scope-hoisting supports namespace imports of theoretically excluded reexporting assets" time="1.060" classname="supports namespace imports of theoretically excluded reexporting assets">
    </testcase>
    <testcase name="javascript sideEffects: false without scope-hoisting can import from a different bundle via a re-export" time="1.195" classname="can import from a different bundle via a re-export">
    </testcase>
    <testcase name="javascript sideEffects: false without scope-hoisting supports excluding when doing both exports and reexports" time="1.058" classname="supports excluding when doing both exports and reexports">
    </testcase>
    <testcase name="javascript sideEffects: false without scope-hoisting supports named and renamed reexports of the same asset (named used)" time="1.014" classname="supports named and renamed reexports of the same asset (named used)">
    </testcase>
    <testcase name="javascript sideEffects: false without scope-hoisting supports named and namespace exports of the same asset (namespace used)" time="1.019" classname="supports named and namespace exports of the same asset (namespace used)">
    </testcase>
    <testcase name="javascript sideEffects: false without scope-hoisting supports deferring non-weak dependencies that are not used" time="1.140" classname="supports deferring non-weak dependencies that are not used">
    </testcase>
  </testsuite>
  <testsuite name="sideEffects: false with scope-hoisting" timestamp="2024-08-28T06:52:01" tests="12" file="/Users/molejniczak/atlassian/atlaspack/packages/core/integration-tests/test/BundleGraph.js" time="12.938" failures="0">
    <testcase name="javascript sideEffects: false with scope-hoisting supports deferring an unused ES6 re-export (wildcard, empty, unused)" time="1.444" classname="supports deferring an unused ES6 re-export (wildcard, empty, unused)">
    </testcase>
    <testcase name="javascript sideEffects: false with scope-hoisting supports chained ES6 re-exports" time="1.492" classname="supports chained ES6 re-exports">
    </testcase>
    <testcase name="javascript sideEffects: false with scope-hoisting should not optimize away an unused ES6 re-export and an used import (different symbols)" time="1.259" classname="should not optimize away an unused ES6 re-export and an used import (different symbols)">
    </testcase>
    <testcase name="javascript sideEffects: false with scope-hoisting supports wildcards" time="0.958" classname="supports wildcards">
    </testcase>
    <testcase name="javascript sideEffects: false with scope-hoisting correctly handles excluded and wrapped reexport assets" time="0.949" classname="correctly handles excluded and wrapped reexport assets">
    </testcase>
    <testcase name="javascript sideEffects: false with scope-hoisting supports the package.json sideEffects: false flag with shared dependencies and code splitting II" time="1.023" classname="supports the package.json sideEffects: false flag with shared dependencies and code splitting II">
    </testcase>
    <testcase name="javascript sideEffects: false with scope-hoisting supports namespace imports of theoretically excluded reexporting assets" time="0.924" classname="supports namespace imports of theoretically excluded reexporting assets">
    </testcase>
    <testcase name="javascript sideEffects: false with scope-hoisting can import from a different bundle via a re-export" time="1.032" classname="can import from a different bundle via a re-export">
    </testcase>
    <testcase name="javascript sideEffects: false with scope-hoisting supports excluding when doing both exports and reexports" time="0.954" classname="supports excluding when doing both exports and reexports">
    </testcase>
    <testcase name="javascript sideEffects: false with scope-hoisting supports named and renamed reexports of the same asset (named used)" time="0.964" classname="supports named and renamed reexports of the same asset (named used)">
    </testcase>
    <testcase name="javascript sideEffects: false with scope-hoisting supports named and namespace exports of the same asset (namespace used)" time="0.979" classname="supports named and namespace exports of the same asset (namespace used)">
    </testcase>
    <testcase name="javascript sideEffects: false with scope-hoisting supports deferring non-weak dependencies that are not used" time="0.955" classname="supports deferring non-weak dependencies that are not used">
    </testcase>
  </testsuite>
  <testsuite name="kotlin" timestamp="2024-08-28T06:52:14" tests="1" file="/Users/molejniczak/atlassian/atlaspack/packages/core/integration-tests/test/BundleGraph.js" time="0.001" failures="0">
  </testsuite>
  <testsuite name="markdown" timestamp="2024-08-28T06:52:14" tests="1" file="/Users/molejniczak/atlassian/atlaspack/packages/core/integration-tests/test/BundleGraph.js" time="0.000" failures="0">
  </testsuite>
  <testsuite name="parser" timestamp="2024-08-28T06:52:14" tests="1" file="/Users/molejniczak/atlassian/atlaspack/packages/core/integration-tests/test/BundleGraph.js" time="0.000" failures="0">
  </testsuite>
  <testsuite name="reason" timestamp="2024-08-28T06:52:14" tests="1" file="/Users/molejniczak/atlassian/atlaspack/packages/core/integration-tests/test/reason.js" time="0.000" failures="0">
  </testsuite>
  <testsuite name="rust" timestamp="2024-08-28T06:52:14" tests="5" file="/Users/molejniczak/atlassian/atlaspack/packages/core/integration-tests/test/rust.js" time="0.000" failures="0">
  </testsuite>
  <testsuite name="wasm" timestamp="2024-08-28T06:52:14" tests="0" file="/Users/molejniczak/atlassian/atlaspack/packages/core/integration-tests/test/BundleGraph.js" time="0.000" failures="0">
  </testsuite>
  <testsuite name="--target=browser" timestamp="2024-08-28T06:52:14" tests="3" file="/Users/molejniczak/atlassian/atlaspack/packages/core/integration-tests/test/BundleGraph.js" time="0.000" failures="0">
  </testsuite>
  <testsuite name="--target=node" timestamp="2024-08-28T06:52:14" tests="3" file="/Users/molejniczak/atlassian/atlaspack/packages/core/integration-tests/test/BundleGraph.js" time="0.000" failures="0">
  </testsuite>
</testsuites>